<?xml version="1.0" encoding="UTF-8"?>
<testng-results ignored="0" total="1" passed="1" failed="0" skipped="0">
  <reporter-output>
  </reporter-output>
  <suite started-at="2021-11-15T13:06:54 IST" name="Default suite" finished-at="2021-11-15T13:06:56 IST" duration-ms="1743">
    <groups>
    </groups>
    <test started-at="2021-11-15T13:06:54 IST" name="Default test" finished-at="2021-11-15T13:06:56 IST" duration-ms="1743">
      <class name="com.qa.tests.GetAPITest">
        <test-method is-config="true" signature="setUp()[pri:0, instance:com.qa.tests.GetAPITest@55b53d44]" started-at="2021-11-15T13:06:54 IST" name="setUp" finished-at="2021-11-15T13:06:54 IST" duration-ms="22" status="PASS">
          <reporter-output>
          </reporter-output>
        </test-method> <!-- setUp -->
        <test-method signature="getTest()[pri:0, instance:com.qa.tests.GetAPITest@55b53d44]" started-at="2021-11-15T13:06:54 IST" name="getTest" finished-at="2021-11-15T13:06:56 IST" duration-ms="1687" status="PASS">
          <reporter-output>
          </reporter-output>
        </test-method> <!-- getTest -->
      </class> <!-- com.qa.tests.GetAPITest -->
    </test> <!-- Default test -->
  </suite> <!-- Default suite -->
</testng-results>
