<?xml version="1.0" encoding="UTF-8"?>
<testng-results skipped="0" failed="0" ignored="0" total="1" passed="1">
  <reporter-output>
  </reporter-output>
  <suite name="Surefire suite" duration-ms="1643" started-at="2021-11-15T13:11:01 IST" finished-at="2021-11-15T13:11:03 IST">
    <groups>
    </groups>
    <test name="Surefire test" duration-ms="1643" started-at="2021-11-15T13:11:01 IST" finished-at="2021-11-15T13:11:03 IST">
      <class name="com.qa.tests.GetAPITest">
        <test-method status="PASS" signature="setUp()[pri:0, instance:com.qa.tests.GetAPITest@1ce92674]" name="setUp" is-config="true" duration-ms="5" started-at="2021-11-15T13:11:01 IST" finished-at="2021-11-15T13:11:01 IST">
          <reporter-output>
          </reporter-output>
        </test-method> <!-- setUp -->
        <test-method status="PASS" signature="getTest()[pri:0, instance:com.qa.tests.GetAPITest@1ce92674]" name="getTest" duration-ms="1582" started-at="2021-11-15T13:11:01 IST" finished-at="2021-11-15T13:11:03 IST">
          <reporter-output>
          </reporter-output>
        </test-method> <!-- getTest -->
      </class> <!-- com.qa.tests.GetAPITest -->
    </test> <!-- Surefire test -->
  </suite> <!-- Surefire suite -->
</testng-results>
